d:\coding_repository\vs2019\workplace\公司人员管理系统\公司人员管理系统\debug\vc142.pdb
d:\coding_repository\vs2019\workplace\公司人员管理系统\公司人员管理系统\debug\vc142.idb
d:\coding_repository\vs2019\workplace\公司人员管理系统\公司人员管理系统\debug\stuff.obj
d:\coding_repository\vs2019\workplace\公司人员管理系统\公司人员管理系统\debug\salesmansalary.obj
d:\coding_repository\vs2019\workplace\公司人员管理系统\公司人员管理系统\debug\salesmanagersalary.obj
d:\coding_repository\vs2019\workplace\公司人员管理系统\公司人员管理系统\debug\salesmanager.obj
d:\coding_repository\vs2019\workplace\公司人员管理系统\公司人员管理系统\debug\salesman.obj
d:\coding_repository\vs2019\workplace\公司人员管理系统\公司人员管理系统\debug\salary.obj
d:\coding_repository\vs2019\workplace\公司人员管理系统\公司人员管理系统\debug\parttimetechniciansalary.obj
d:\coding_repository\vs2019\workplace\公司人员管理系统\公司人员管理系统\debug\parttimetechnician.obj
d:\coding_repository\vs2019\workplace\公司人员管理系统\公司人员管理系统\debug\managersalary.obj
d:\coding_repository\vs2019\workplace\公司人员管理系统\公司人员管理系统\debug\manager.obj
d:\coding_repository\vs2019\workplace\公司人员管理系统\公司人员管理系统\debug\main.obj
d:\coding_repository\vs2019\workplace\公司人员管理系统\公司人员管理系统\debug\filetool.obj
d:\coding_repository\vs2019\workplace\公司人员管理系统\debug\公司人员管理系统.pdb
d:\coding_repository\vs2019\workplace\公司人员管理系统\公司人员管理系统\debug\公司人员管理系统.tlog\cl.command.1.tlog
d:\coding_repository\vs2019\workplace\公司人员管理系统\公司人员管理系统\debug\公司人员管理系统.tlog\cl.read.1.tlog
d:\coding_repository\vs2019\workplace\公司人员管理系统\公司人员管理系统\debug\公司人员管理系统.tlog\cl.write.1.tlog
d:\coding_repository\vs2019\workplace\公司人员管理系统\公司人员管理系统\debug\公司人员管理系统.tlog\link-cvtres.read.1.tlog
d:\coding_repository\vs2019\workplace\公司人员管理系统\公司人员管理系统\debug\公司人员管理系统.tlog\link-cvtres.write.1.tlog
d:\coding_repository\vs2019\workplace\公司人员管理系统\公司人员管理系统\debug\公司人员管理系统.tlog\link-rc.read.1.tlog
d:\coding_repository\vs2019\workplace\公司人员管理系统\公司人员管理系统\debug\公司人员管理系统.tlog\link-rc.write.1.tlog
d:\coding_repository\vs2019\workplace\公司人员管理系统\公司人员管理系统\debug\公司人员管理系统.tlog\link.command.1.tlog
d:\coding_repository\vs2019\workplace\公司人员管理系统\公司人员管理系统\debug\公司人员管理系统.tlog\link.read.1.tlog
d:\coding_repository\vs2019\workplace\公司人员管理系统\公司人员管理系统\debug\公司人员管理系统.tlog\link.write.1.tlog
